Using pre-set license
Built from '2020.3/release' branch; Version is '2020.3.7f1 (dd97f2c94397) revision 14522354'; Using compiler version '192528614'; Build Type 'Release'
OS: 'Windows 10 Home; OS build 19041.985; Version 2004; 64bit' Language: 'en' Physical Memory: 8108 MB
BatchMode: 1, IsHumanControllingUs: 0, StartBugReporterOnCrash: 0, Is64bit: 1, IsPro: 0

 COMMAND LINE ARGUMENTS:
C:\Program Files\Unity\Hub\Editor\2020.3.7f1\Editor\Unity.exe
-adb2
-batchMode
-noUpm
-name
AssetImportWorker0
-projectPath
C:/Users/saltw/Documents/GitHub/CPSC244_FinalProject
-logFile
Logs/AssetImportWorker0.log
-srvPort
50237
Successfully changed project path to: C:/Users/saltw/Documents/GitHub/CPSC244_FinalProject
C:/Users/saltw/Documents/GitHub/CPSC244_FinalProject
Using Asset Import Pipeline V2.
Refreshing native plugins compatible for Editor in 155.34 ms, found 0 plugins.
Preloading 0 native plugins for Editor in 0.00 ms.
Initialize engine version: 2020.3.7f1 (dd97f2c94397)
[Subsystems] Discovering subsystems at path C:/Program Files/Unity/Hub/Editor/2020.3.7f1/Editor/Data/Resources/UnitySubsystems
[Subsystems] Discovering subsystems at path C:/Users/saltw/Documents/GitHub/CPSC244_FinalProject/Assets
GfxDevice: creating device client; threaded=0
Direct3D:
    Version:  Direct3D 11.0 [level 11.1]
    Renderer: Intel(R) UHD Graphics 620 (ID=0x5917)
    Vendor:   
    VRAM:     4054 MB
    Driver:   27.20.100.8681
Initialize mono
Mono path[0] = 'C:/Program Files/Unity/Hub/Editor/2020.3.7f1/Editor/Data/Managed'
Mono path[1] = 'C:/Program Files/Unity/Hub/Editor/2020.3.7f1/Editor/Data/MonoBleedingEdge/lib/mono/unityjit'
Mono config path = 'C:/Program Files/Unity/Hub/Editor/2020.3.7f1/Editor/Data/MonoBleedingEdge/etc'
Using monoOptions --debugger-agent=transport=dt_socket,embedding=1,server=y,suspend=n,address=127.0.0.1:56772
Begin MonoManager ReloadAssembly
Registering precompiled unity dll's ...
Register platform support module: C:/Program Files/Unity/Hub/Editor/2020.3.7f1/Editor/Data/PlaybackEngines/WindowsStandaloneSupport/UnityEditor.WindowsStandalone.Extensions.dll
Registered in 0.002644 seconds.
Native extension for WindowsStandalone target not found
Refreshing native plugins compatible for Editor in 105.61 ms, found 0 plugins.
Preloading 0 native plugins for Editor in 0.00 ms.
Mono: successfully reloaded assembly
- Completed reload, in  5.911 seconds
Platform modules already initialized, skipping
Registering precompiled user dll's ...
Registered in 0.005391 seconds.
Begin MonoManager ReloadAssembly
Native extension for WindowsStandalone target not found
Refreshing native plugins compatible for Editor in 1.39 ms, found 0 plugins.
Preloading 0 native plugins for Editor in 0.00 ms.
Mono: successfully reloaded assembly
- Completed reload, in  1.448 seconds
Platform modules already initialized, skipping
========================================================================
Worker process is ready to serve import requests
Launched and connected shader compiler UnityShaderCompiler.exe after 0.08 seconds
Refreshing native plugins compatible for Editor in 0.83 ms, found 0 plugins.
Preloading 0 native plugins for Editor in 0.00 ms.
Unloading 1462 Unused Serialized files (Serialized files now loaded: 0)
System memory in use before: 72.3 MB.
System memory in use after: 72.4 MB.

Unloading 34 unused Assets to reduce memory usage. Loaded Objects now: 1890.
Total: 3.187900 ms (FindLiveObjects: 0.380200 ms CreateObjectMapping: 0.100800 ms MarkObjects: 2.567200 ms  DeleteObjects: 0.137500 ms)

========================================================================
Received Import Request.
  path: Assets/RPGTown_mixdown.mp3
  artifactKey: Guid(844492d8bdc81a64fab8a474c4f842ba) Importer(815301076,1909f56bfc062723c751e8b465ee728b)
Start importing Assets/RPGTown_mixdown.mp3 using Guid(844492d8bdc81a64fab8a474c4f842ba) Importer(815301076,1909f56bfc062723c751e8b465ee728b)  -> (artifact id: '3b43e2630543061ad2d0f214e236157c') in 0.225205 seconds
  Import took 0.229784 seconds .

========================================================================
Received Import Request.
  Time since last request: 0.000812 seconds.
  path: Assets/Readme.asset
  artifactKey: Guid(83c2ed844a8c74b779a4c823d16594b1) Importer(815301076,1909f56bfc062723c751e8b465ee728b)
Start importing Assets/Readme.asset using Guid(83c2ed844a8c74b779a4c823d16594b1) Importer(815301076,1909f56bfc062723c751e8b465ee728b)  -> (artifact id: 'ee01c6f2f6e770b13c05fd14f1fe37d6') in 0.026546 seconds
  Import took 0.031191 seconds .

========================================================================
Received Import Request.
  Time since last request: 455.857815 seconds.
  path: Assets/Sprites/forest-tiles.png
  artifactKey: Guid(5674678104bfbc444a7ebe6d31f3edca) Importer(815301076,1909f56bfc062723c751e8b465ee728b)
Start importing Assets/Sprites/forest-tiles.png using Guid(5674678104bfbc444a7ebe6d31f3edca) Importer(815301076,1909f56bfc062723c751e8b465ee728b)  -> (artifact id: 'bdb1085f64966b23346981c2b8f533f2') in 0.278985 seconds
  Import took 0.291197 seconds .

========================================================================
Received Import Request.
  Time since last request: 0.001360 seconds.
  path: Assets/Sprites/houses.png
  artifactKey: Guid(1505c770e4b81b642864e98ae3c03906) Importer(815301076,1909f56bfc062723c751e8b465ee728b)
Start importing Assets/Sprites/houses.png using Guid(1505c770e4b81b642864e98ae3c03906) Importer(815301076,1909f56bfc062723c751e8b465ee728b)  -> (artifact id: '6eeeb64dacfcc15a6f48b28e8250dfcf') in 4.184561 seconds
  Import took 4.201256 seconds .

========================================================================
Received Import Request.
  Time since last request: 0.041590 seconds.
  path: Assets/Sprites/houses.png
  artifactKey: Guid(1505c770e4b81b642864e98ae3c03906) Importer(815301076,1909f56bfc062723c751e8b465ee728b)
Start importing Assets/Sprites/houses.png using Guid(1505c770e4b81b642864e98ae3c03906) Importer(815301076,1909f56bfc062723c751e8b465ee728b)  -> (artifact id: '6eeeb64dacfcc15a6f48b28e8250dfcf') in 4.132572 seconds
  Import took 4.146916 seconds .

========================================================================
Received Import Request.
  Time since last request: 19.304425 seconds.
  path: Assets/Creator Kit - RPG/Art/Sprites/Characters/Characters01_AnimationSheet.png
  artifactKey: Guid(f22540e8ea335034b92c27795aa254c6) Importer(815301076,1909f56bfc062723c751e8b465ee728b)
Start importing Assets/Creator Kit - RPG/Art/Sprites/Characters/Characters01_AnimationSheet.png using Guid(f22540e8ea335034b92c27795aa254c6) Importer(815301076,1909f56bfc062723c751e8b465ee728b)  -> (artifact id: 'd5b6c70fb60d501e6743a61e4ce4b54d') in 0.590748 seconds
  Import took 0.612733 seconds .

========================================================================
Received Import Request.
  Time since last request: 47.373686 seconds.
  path: Assets/Creator Kit - RPG/Art/Sprites/Characters/Characters02_AnimationSheet.png
  artifactKey: Guid(3f198c94b65508c44a32b4b4072bb419) Importer(815301076,1909f56bfc062723c751e8b465ee728b)
Start importing Assets/Creator Kit - RPG/Art/Sprites/Characters/Characters02_AnimationSheet.png using Guid(3f198c94b65508c44a32b4b4072bb419) Importer(815301076,1909f56bfc062723c751e8b465ee728b)  -> (artifact id: '5766c9b36145e66f25020bde4036fb01') in 0.413281 seconds
  Import took 0.419691 seconds .

========================================================================
Received Import Request.
  Time since last request: 275.694467 seconds.
  path: Assets/Creator Kit - RPG/Art/Sprites/Characters/detective.png
  artifactKey: Guid(9938271b2befa1441b85e978c97c651a) Importer(815301076,1909f56bfc062723c751e8b465ee728b)
Start importing Assets/Creator Kit - RPG/Art/Sprites/Characters/detective.png using Guid(9938271b2befa1441b85e978c97c651a) Importer(815301076,1909f56bfc062723c751e8b465ee728b)  -> (artifact id: 'c7f3094d579b68a89909af816bba8001') in 0.060902 seconds
  Import took 0.069760 seconds .

========================================================================
Received Import Request.
  Time since last request: 0.001764 seconds.
  path: Assets/Creator Kit - RPG/Art/Sprites/Characters/detective.png
  artifactKey: Guid(9938271b2befa1441b85e978c97c651a) Importer(815301076,1909f56bfc062723c751e8b465ee728b)
Start importing Assets/Creator Kit - RPG/Art/Sprites/Characters/detective.png using Guid(9938271b2befa1441b85e978c97c651a) Importer(815301076,1909f56bfc062723c751e8b465ee728b)  -> (artifact id: 'c7f3094d579b68a89909af816bba8001') in 0.116836 seconds
  Import took 0.123193 seconds .

========================================================================
Received Import Request.
  Time since last request: 59.019327 seconds.
  path: Assets/Creator Kit - RPG/Art/Sprites/Characters/detective.png
  artifactKey: Guid(9938271b2befa1441b85e978c97c651a) Importer(815301076,1909f56bfc062723c751e8b465ee728b)
Start importing Assets/Creator Kit - RPG/Art/Sprites/Characters/detective.png using Guid(9938271b2befa1441b85e978c97c651a) Importer(815301076,1909f56bfc062723c751e8b465ee728b)  -> (artifact id: 'b5846d7f20f9e5500ff82d361729a91e') in 0.033225 seconds
  Import took 0.040200 seconds .

========================================================================
Received Import Request.
  Time since last request: 0.023155 seconds.
  path: Assets/Creator Kit - RPG/Art/Sprites/Characters/detective.png
  artifactKey: Guid(9938271b2befa1441b85e978c97c651a) Importer(815301076,1909f56bfc062723c751e8b465ee728b)
Start importing Assets/Creator Kit - RPG/Art/Sprites/Characters/detective.png using Guid(9938271b2befa1441b85e978c97c651a) Importer(815301076,1909f56bfc062723c751e8b465ee728b)  -> (artifact id: 'b5846d7f20f9e5500ff82d361729a91e') in 0.059128 seconds
  Import took 0.069230 seconds .

========================================================================
Received Import Request.
  Time since last request: 34.508516 seconds.
  path: Assets/Creator Kit - RPG/Art/Sprites/Characters/detective.png
  artifactKey: Guid(9938271b2befa1441b85e978c97c651a) Importer(815301076,1909f56bfc062723c751e8b465ee728b)
Start importing Assets/Creator Kit - RPG/Art/Sprites/Characters/detective.png using Guid(9938271b2befa1441b85e978c97c651a) Importer(815301076,1909f56bfc062723c751e8b465ee728b)  -> (artifact id: '2ae20833b29c1cf11603b6eb3691c5f7') in 3.652448 seconds
  Import took 3.666166 seconds .

========================================================================
Received Import Request.
  Time since last request: 14.195311 seconds.
  path: Assets/Creator Kit - RPG/Art/Sprites/Characters/detective.png
  artifactKey: Guid(9938271b2befa1441b85e978c97c651a) Importer(815301076,1909f56bfc062723c751e8b465ee728b)
Start importing Assets/Creator Kit - RPG/Art/Sprites/Characters/detective.png using Guid(9938271b2befa1441b85e978c97c651a) Importer(815301076,1909f56bfc062723c751e8b465ee728b)  -> (artifact id: 'b8a92e331a6677d7ca7787510f3d5ade') in 0.058745 seconds
  Import took 0.064199 seconds .

========================================================================
Received Import Request.
  Time since last request: 218.886541 seconds.
  path: Assets/Creator Kit - RPG/Art/Sprites/Characters/detective.png
  artifactKey: Guid(9938271b2befa1441b85e978c97c651a) Importer(815301076,1909f56bfc062723c751e8b465ee728b)
Start importing Assets/Creator Kit - RPG/Art/Sprites/Characters/detective.png using Guid(9938271b2befa1441b85e978c97c651a) Importer(815301076,1909f56bfc062723c751e8b465ee728b)  -> (artifact id: 'b9c9f32cb28ef8cbc1c4d3d79375a9b8') in 0.318493 seconds
  Import took 0.325385 seconds .

========================================================================
Received Prepare
Registering precompiled user dll's ...
Registered in 0.011663 seconds.
Begin MonoManager ReloadAssembly
Native extension for WindowsStandalone target not found
Refreshing native plugins compatible for Editor in 6.99 ms, found 0 plugins.
Preloading 0 native plugins for Editor in 0.00 ms.
Mono: successfully reloaded assembly
- Completed reload, in  4.341 seconds
Platform modules already initialized, skipping
Refreshing native plugins compatible for Editor in 2.26 ms, found 0 plugins.
Preloading 0 native plugins for Editor in 0.00 ms.
Unloading 1440 Unused Serialized files (Serialized files now loaded: 0)
System memory in use before: 74.5 MB.
System memory in use after: 74.6 MB.

Unloading 25 unused Assets to reduce memory usage. Loaded Objects now: 1978.
Total: 7.939700 ms (FindLiveObjects: 0.747100 ms CreateObjectMapping: 0.247800 ms MarkObjects: 6.886500 ms  DeleteObjects: 0.055000 ms)

========================================================================
Received Import Request.
  Time since last request: 479.792987 seconds.
  path: Assets/Creator Kit - RPG/Art/Sprites/Characters/pixil-frame-0 (1).png
  artifactKey: Guid(57ebe47bc7fbb2045aafc0ca0552784e) Importer(815301076,1909f56bfc062723c751e8b465ee728b)
Start importing Assets/Creator Kit - RPG/Art/Sprites/Characters/pixil-frame-0 (1).png using Guid(57ebe47bc7fbb2045aafc0ca0552784e) Importer(815301076,1909f56bfc062723c751e8b465ee728b)  -> (artifact id: '8793282883e9da5817eef8dea75be7a7') in 0.095973 seconds
  Import took 0.102465 seconds .

========================================================================
Received Import Request.
  Time since last request: 48.966326 seconds.
  path: Assets/Creator Kit - RPG/Art/Sprites/Characters/pixil-frame-0 (1).png
  artifactKey: Guid(57ebe47bc7fbb2045aafc0ca0552784e) Importer(815301076,1909f56bfc062723c751e8b465ee728b)
Start importing Assets/Creator Kit - RPG/Art/Sprites/Characters/pixil-frame-0 (1).png using Guid(57ebe47bc7fbb2045aafc0ca0552784e) Importer(815301076,1909f56bfc062723c751e8b465ee728b)  -> (artifact id: 'ad7f5bab26a2f5eeb54ef60749e8201f') in 0.026850 seconds
  Import took 0.036124 seconds .

========================================================================
Received Import Request.
  Time since last request: 0.004901 seconds.
  path: Assets/Creator Kit - RPG/Art/Sprites/Characters/pixil-frame-0 (1).png
  artifactKey: Guid(57ebe47bc7fbb2045aafc0ca0552784e) Importer(815301076,1909f56bfc062723c751e8b465ee728b)
Start importing Assets/Creator Kit - RPG/Art/Sprites/Characters/pixil-frame-0 (1).png using Guid(57ebe47bc7fbb2045aafc0ca0552784e) Importer(815301076,1909f56bfc062723c751e8b465ee728b)  -> (artifact id: 'ad7f5bab26a2f5eeb54ef60749e8201f') in 0.024807 seconds
  Import took 0.030471 seconds .

========================================================================
Received Import Request.
  Time since last request: 12.506124 seconds.
  path: Assets/Creator Kit - RPG/Art/Sprites/Characters/pixil-frame-0 (1).png
  artifactKey: Guid(57ebe47bc7fbb2045aafc0ca0552784e) Importer(815301076,1909f56bfc062723c751e8b465ee728b)
Start importing Assets/Creator Kit - RPG/Art/Sprites/Characters/pixil-frame-0 (1).png using Guid(57ebe47bc7fbb2045aafc0ca0552784e) Importer(815301076,1909f56bfc062723c751e8b465ee728b)  -> (artifact id: 'b971840fa56ba4d69de1f75dbc4cf552') in 0.387257 seconds
  Import took 0.393795 seconds .

========================================================================
Received Import Request.
  Time since last request: 35.271548 seconds.
  path: Assets/Creator Kit - RPG/Art/Animators/Archer-Override.overrideController
  artifactKey: Guid(7ee3425d802434ff69fadaff765bcb79) Importer(815301076,1909f56bfc062723c751e8b465ee728b)
Start importing Assets/Creator Kit - RPG/Art/Animators/Archer-Override.overrideController using Guid(7ee3425d802434ff69fadaff765bcb79) Importer(815301076,1909f56bfc062723c751e8b465ee728b)  -> (artifact id: '64de71c24fe9e904ea109bf217f3ce04') in 0.043356 seconds
  Import took 0.051172 seconds .

========================================================================
Received Import Request.
  Time since last request: 0.000339 seconds.
  path: Assets/Creator Kit - RPG/Art/Animators/Thief-Override.overrideController
  artifactKey: Guid(7bfb43d7068f94aff8f20e9a7916bee6) Importer(815301076,1909f56bfc062723c751e8b465ee728b)
Start importing Assets/Creator Kit - RPG/Art/Animators/Thief-Override.overrideController using Guid(7bfb43d7068f94aff8f20e9a7916bee6) Importer(815301076,1909f56bfc062723c751e8b465ee728b)  -> (artifact id: 'b438a3f2d598b3b9c89e4f9a5df18575') in 0.029615 seconds
  Import took 0.037906 seconds .

========================================================================
Received Import Request.
  Time since last request: 0.000581 seconds.
  path: Assets/Creator Kit - RPG/Art/Animators/Archer-Override.overrideController
  artifactKey: Guid(7ee3425d802434ff69fadaff765bcb79) Importer(815301076,1909f56bfc062723c751e8b465ee728b)
Start importing Assets/Creator Kit - RPG/Art/Animators/Archer-Override.overrideController using Guid(7ee3425d802434ff69fadaff765bcb79) Importer(815301076,1909f56bfc062723c751e8b465ee728b)  -> (artifact id: '64de71c24fe9e904ea109bf217f3ce04') in 0.016762 seconds
  Import took 0.024737 seconds .

========================================================================
Received Import Request.
  Time since last request: 0.000386 seconds.
  path: Assets/Creator Kit - RPG/Art/Animators/Warrior-Override.overrideController
  artifactKey: Guid(3caa1e5e0e6c343d69793b2b5dd95939) Importer(815301076,1909f56bfc062723c751e8b465ee728b)
Start importing Assets/Creator Kit - RPG/Art/Animators/Warrior-Override.overrideController using Guid(3caa1e5e0e6c343d69793b2b5dd95939) Importer(815301076,1909f56bfc062723c751e8b465ee728b)  -> (artifact id: '761c5dd2e5dfbc582a730151d0536a88') in 0.028420 seconds
  Import took 0.033056 seconds .

========================================================================
Received Import Request.
  Time since last request: 0.000565 seconds.
  path: Assets/Creator Kit - RPG/Art/Animators/Thief-Override.overrideController
  artifactKey: Guid(7bfb43d7068f94aff8f20e9a7916bee6) Importer(815301076,1909f56bfc062723c751e8b465ee728b)
Start importing Assets/Creator Kit - RPG/Art/Animators/Thief-Override.overrideController using Guid(7bfb43d7068f94aff8f20e9a7916bee6) Importer(815301076,1909f56bfc062723c751e8b465ee728b)  -> (artifact id: 'b438a3f2d598b3b9c89e4f9a5df18575') in 0.017921 seconds
  Import took 0.025096 seconds .

========================================================================
Received Import Request.
  Time since last request: 0.027260 seconds.
  path: Assets/Creator Kit - RPG/Art/Animators/Warrior-Override.overrideController
  artifactKey: Guid(3caa1e5e0e6c343d69793b2b5dd95939) Importer(815301076,1909f56bfc062723c751e8b465ee728b)
Start importing Assets/Creator Kit - RPG/Art/Animators/Warrior-Override.overrideController using Guid(3caa1e5e0e6c343d69793b2b5dd95939) Importer(815301076,1909f56bfc062723c751e8b465ee728b)  -> (artifact id: '761c5dd2e5dfbc582a730151d0536a88') in 0.014266 seconds
  Import took 0.022456 seconds .

========================================================================
Received Import Request.
  Time since last request: 23.359319 seconds.
  path: Assets/Creator Kit - RPG/Art/Animations/Characters/detective
  artifactKey: Guid(bb3dd50a47a1ea64cab5071e5c976315) Importer(815301076,1909f56bfc062723c751e8b465ee728b)
Start importing Assets/Creator Kit - RPG/Art/Animations/Characters/detective using Guid(bb3dd50a47a1ea64cab5071e5c976315) Importer(815301076,1909f56bfc062723c751e8b465ee728b)  -> (artifact id: '143f320cc5a7d2d41aeb47cf82149308') in 0.005452 seconds
  Import took 0.011454 seconds .

========================================================================
Received Import Request.
  Time since last request: 20.213266 seconds.
  path: Assets/Creator Kit - RPG/Art/Animations/Characters/detective/detective_idle.anim
  artifactKey: Guid(1a07592857164944cbf731abf31be13d) Importer(815301076,1909f56bfc062723c751e8b465ee728b)
Start importing Assets/Creator Kit - RPG/Art/Animations/Characters/detective/detective_idle.anim using Guid(1a07592857164944cbf731abf31be13d) Importer(815301076,1909f56bfc062723c751e8b465ee728b)  -> (artifact id: 'b26ff7d87ee04723f5f4b199421afe5c') in 0.017911 seconds
  Import took 0.023341 seconds .

========================================================================
Received Import Request.
  Time since last request: 5.264230 seconds.
  path: Assets/Creator Kit - RPG/Art/Sprites/Characters
  artifactKey: Guid(3f7ca6af6f2b39d47a082da26b2aca64) Importer(815301076,1909f56bfc062723c751e8b465ee728b)
Start importing Assets/Creator Kit - RPG/Art/Sprites/Characters using Guid(3f7ca6af6f2b39d47a082da26b2aca64) Importer(815301076,1909f56bfc062723c751e8b465ee728b)  -> (artifact id: '1ae2e603840b53d8f9b9f56583cc01b5') in 0.018295 seconds
  Import took 0.024655 seconds .

========================================================================
Received Import Request.
  Time since last request: 0.000691 seconds.
  path: Assets/Creator Kit - RPG/Art/Sprites/Characters
  artifactKey: Guid(3f7ca6af6f2b39d47a082da26b2aca64) Importer(815301076,1909f56bfc062723c751e8b465ee728b)
Start importing Assets/Creator Kit - RPG/Art/Sprites/Characters using Guid(3f7ca6af6f2b39d47a082da26b2aca64) Importer(815301076,1909f56bfc062723c751e8b465ee728b)  -> (artifact id: '1ae2e603840b53d8f9b9f56583cc01b5') in 0.005312 seconds
  Import took 0.011897 seconds .

========================================================================
Received Import Request.
  Time since last request: 134.082774 seconds.
  path: Assets/Creator Kit - RPG/Art/Animations/Characters/Archer
  artifactKey: Guid(3c02c21ff299f4e108badd034e2f0e05) Importer(815301076,1909f56bfc062723c751e8b465ee728b)
Start importing Assets/Creator Kit - RPG/Art/Animations/Characters/Archer using Guid(3c02c21ff299f4e108badd034e2f0e05) Importer(815301076,1909f56bfc062723c751e8b465ee728b)  -> (artifact id: '5ff3a83e5a44946837eb77bb064297bd') in 0.015809 seconds
  Import took 0.022503 seconds .

========================================================================
Received Import Request.
  Time since last request: 2.336421 seconds.
  path: Assets/Creator Kit - RPG/Art/Animations/Characters/Thief
  artifactKey: Guid(35a53276af7734336b8509ba9361a9e3) Importer(815301076,1909f56bfc062723c751e8b465ee728b)
Start importing Assets/Creator Kit - RPG/Art/Animations/Characters/Thief using Guid(35a53276af7734336b8509ba9361a9e3) Importer(815301076,1909f56bfc062723c751e8b465ee728b)  -> (artifact id: 'f85ab802c09769b706f4aaf3bb97a7ff') in 0.015847 seconds
  Import took 0.021609 seconds .

========================================================================
Received Import Request.
  Time since last request: 0.001684 seconds.
  path: Assets/Creator Kit - RPG/Art/Animations/Characters/Thief
  artifactKey: Guid(35a53276af7734336b8509ba9361a9e3) Importer(815301076,1909f56bfc062723c751e8b465ee728b)
Start importing Assets/Creator Kit - RPG/Art/Animations/Characters/Thief using Guid(35a53276af7734336b8509ba9361a9e3) Importer(815301076,1909f56bfc062723c751e8b465ee728b)  -> (artifact id: 'f85ab802c09769b706f4aaf3bb97a7ff') in 0.005066 seconds
  Import took 0.012634 seconds .

========================================================================
Received Import Request.
  Time since last request: 1.409455 seconds.
  path: Assets/Creator Kit - RPG/Art/Animations/Characters/Thief/Thief-Idle.anim
  artifactKey: Guid(c559fce4f820d4c6887c295d0fac2935) Importer(815301076,1909f56bfc062723c751e8b465ee728b)
Start importing Assets/Creator Kit - RPG/Art/Animations/Characters/Thief/Thief-Idle.anim using Guid(c559fce4f820d4c6887c295d0fac2935) Importer(815301076,1909f56bfc062723c751e8b465ee728b)  -> (artifact id: 'cf8ff4aad5a8f904119434094846d864') in 0.016978 seconds
  Import took 0.022469 seconds .

========================================================================
Received Import Request.
  Time since last request: 656.477296 seconds.
  path: Assets/Creator Kit - RPG/Art/Animations/Characters/detective/New Animation.anim
  artifactKey: Guid(5ed342962123eec478808d9530546f33) Importer(815301076,1909f56bfc062723c751e8b465ee728b)
Start importing Assets/Creator Kit - RPG/Art/Animations/Characters/detective/New Animation.anim using Guid(5ed342962123eec478808d9530546f33) Importer(815301076,1909f56bfc062723c751e8b465ee728b)  -> (artifact id: '2d929309465a5871ad6cb2c3569e4bc9') in 0.017210 seconds
  Import took 0.023905 seconds .

========================================================================
Received Import Request.
  Time since last request: 8.853171 seconds.
  path: Assets/Creator Kit - RPG/Prefabs/Character.prefab
  artifactKey: Guid(84535a21e4ab6412690b5fa8acc3908e) Importer(815301076,1909f56bfc062723c751e8b465ee728b)
Start importing Assets/Creator Kit - RPG/Prefabs/Character.prefab using Guid(84535a21e4ab6412690b5fa8acc3908e) Importer(815301076,1909f56bfc062723c751e8b465ee728b)  -> (artifact id: '18e380f3357850a80d7e5a7303e283fc') in 0.110795 seconds
  Import took 0.117905 seconds .

========================================================================
Received Import Request.
  Time since last request: 0.000888 seconds.
  path: Assets/Creator Kit - RPG/Prefabs/UI Camera.prefab
  artifactKey: Guid(fb58dc84dca7b49f99bde3835c80609b) Importer(815301076,1909f56bfc062723c751e8b465ee728b)
Start importing Assets/Creator Kit - RPG/Prefabs/UI Camera.prefab using Guid(fb58dc84dca7b49f99bde3835c80609b) Importer(815301076,1909f56bfc062723c751e8b465ee728b)  -> (artifact id: '8d95e84cbabab2da0c08c398cc991db0') in 0.023017 seconds
  Import took 0.028700 seconds .

========================================================================
Received Import Request.
  Time since last request: 0.000826 seconds.
  path: Assets/Creator Kit - RPG/Prefabs/MessageBar.prefab
  artifactKey: Guid(81816288a86af46c598e1fa3b10e24a4) Importer(815301076,1909f56bfc062723c751e8b465ee728b)
Start importing Assets/Creator Kit - RPG/Prefabs/MessageBar.prefab using Guid(81816288a86af46c598e1fa3b10e24a4) Importer(815301076,1909f56bfc062723c751e8b465ee728b)  -> (artifact id: 'da13908eb93a16e8e3490e3ad91a8992') in 0.123381 seconds
  Import took 0.131348 seconds .

========================================================================
Received Import Request.
  Time since last request: 0.000376 seconds.
  path: Assets/Creator Kit - RPG/Prefabs/Main Camera.prefab
  artifactKey: Guid(1c14ebde4b5e54881a67b686f46e6b1d) Importer(815301076,1909f56bfc062723c751e8b465ee728b)
Start importing Assets/Creator Kit - RPG/Prefabs/Main Camera.prefab using Guid(1c14ebde4b5e54881a67b686f46e6b1d) Importer(815301076,1909f56bfc062723c751e8b465ee728b)  -> (artifact id: '9a0b74aae223ad12274194ba2b73c6fa') in 0.018037 seconds
  Import took 0.023358 seconds .

========================================================================
Received Import Request.
  Time since last request: 0.000666 seconds.
  path: Assets/Creator Kit - RPG/Prefabs/Tilemaps.prefab
  artifactKey: Guid(a6ecdc63374074e6eb42a738a5683a91) Importer(815301076,1909f56bfc062723c751e8b465ee728b)
Start importing Assets/Creator Kit - RPG/Prefabs/Tilemaps.prefab using Guid(a6ecdc63374074e6eb42a738a5683a91) Importer(815301076,1909f56bfc062723c751e8b465ee728b)  -> (artifact id: '10d9d3f2f37a088afa5dbf56f2e82189') in 0.020441 seconds
  Import took 0.027377 seconds .

========================================================================
Received Import Request.
  Time since last request: 0.000394 seconds.
  path: Assets/Creator Kit - RPG/Prefabs/Grid.prefab
  artifactKey: Guid(9cfc23e1a92d54df288065697ba3e2f9) Importer(815301076,1909f56bfc062723c751e8b465ee728b)
Start importing Assets/Creator Kit - RPG/Prefabs/Grid.prefab using Guid(9cfc23e1a92d54df288065697ba3e2f9) Importer(815301076,1909f56bfc062723c751e8b465ee728b)  -> (artifact id: 'baeb0db4d1447fba733628c0e1a966d3') in 0.021028 seconds
  Import took 0.031017 seconds .

========================================================================
Received Import Request.
  Time since last request: 0.000703 seconds.
  path: Assets/Creator Kit - RPG/Prefabs/Controllers.prefab
  artifactKey: Guid(d96c0846c7d644f72bfbf301de1def5c) Importer(815301076,1909f56bfc062723c751e8b465ee728b)
Start importing Assets/Creator Kit - RPG/Prefabs/Controllers.prefab using Guid(d96c0846c7d644f72bfbf301de1def5c) Importer(815301076,1909f56bfc062723c751e8b465ee728b)  -> (artifact id: '8142054a13eab01e0cd04617d64ddf24') in 0.061161 seconds
  Import took 0.069091 seconds .

========================================================================
Received Import Request.
  Time since last request: 0.000652 seconds.
  path: Assets/Creator Kit - RPG/Prefabs/DialogController.prefab
  artifactKey: Guid(ab3f7178010354d87a5016c7d6b23a5a) Importer(815301076,1909f56bfc062723c751e8b465ee728b)
Start importing Assets/Creator Kit - RPG/Prefabs/DialogController.prefab using Guid(ab3f7178010354d87a5016c7d6b23a5a) Importer(815301076,1909f56bfc062723c751e8b465ee728b)  -> (artifact id: '79f42db0cd962b9b958e0bb0d387daa3') in 0.072308 seconds
  Import took 0.077604 seconds .

========================================================================
Received Import Request.
  Time since last request: 0.000524 seconds.
  path: Assets/Creator Kit - RPG/Prefabs/HouseOpenDoor.prefab
  artifactKey: Guid(8d9e5ee92a6bccc4892e3ebb23cc4766) Importer(815301076,1909f56bfc062723c751e8b465ee728b)
Start importing Assets/Creator Kit - RPG/Prefabs/HouseOpenDoor.prefab using Guid(8d9e5ee92a6bccc4892e3ebb23cc4766) Importer(815301076,1909f56bfc062723c751e8b465ee728b)  -> (artifact id: 'c09cab2d6d8d58f9e76483906a75b430') in 0.049211 seconds
  Import took 0.058464 seconds .

========================================================================
Received Import Request.
  Time since last request: 0.000252 seconds.
  path: Assets/Creator Kit - RPG/Prefabs/Inventory.prefab
  artifactKey: Guid(7c53998562858411aa85d8e0c4bc1333) Importer(815301076,1909f56bfc062723c751e8b465ee728b)
Start importing Assets/Creator Kit - RPG/Prefabs/Inventory.prefab using Guid(7c53998562858411aa85d8e0c4bc1333) Importer(815301076,1909f56bfc062723c751e8b465ee728b)  -> (artifact id: '1f5786f1f8059d2fb4de3c1b72eb17fd') in 0.065572 seconds
  Import took 0.070877 seconds .

========================================================================
Received Import Request.
  Time since last request: 0.000249 seconds.
  path: Assets/Creator Kit - RPG/Prefabs/InventoryDialog.prefab
  artifactKey: Guid(9c7cbb01d716340ab97a9c902e59ccee) Importer(815301076,1909f56bfc062723c751e8b465ee728b)
Start importing Assets/Creator Kit - RPG/Prefabs/InventoryDialog.prefab using Guid(9c7cbb01d716340ab97a9c902e59ccee) Importer(815301076,1909f56bfc062723c751e8b465ee728b)  -> (artifact id: '0f277cb88d1b23e5b00a59a1fc606b8b') in 0.072879 seconds
  Import took 0.078780 seconds .

========================================================================
Received Import Request.
  Time since last request: 0.000297 seconds.
  path: Assets/Creator Kit - RPG/Prefabs/HouseRoof.prefab
  artifactKey: Guid(4ca9604554bc54f608984cba5088222e) Importer(815301076,1909f56bfc062723c751e8b465ee728b)
Start importing Assets/Creator Kit - RPG/Prefabs/HouseRoof.prefab using Guid(4ca9604554bc54f608984cba5088222e) Importer(815301076,1909f56bfc062723c751e8b465ee728b)  -> (artifact id: '83fc8943df772403077253b9bd5b715e') in 0.038249 seconds
  Import took 0.043900 seconds .

========================================================================
Received Import Request.
  Time since last request: 0.000414 seconds.
  path: Assets/Creator Kit - RPG/Prefabs/HouseChimney.prefab
  artifactKey: Guid(4d6bc847403394c328ca695ffeb4a209) Importer(815301076,1909f56bfc062723c751e8b465ee728b)
Start importing Assets/Creator Kit - RPG/Prefabs/HouseChimney.prefab using Guid(4d6bc847403394c328ca695ffeb4a209) Importer(815301076,1909f56bfc062723c751e8b465ee728b)  -> (artifact id: '52050fc9d5c39bbf12be2656427cf656') in 0.042329 seconds
  Import took 0.048221 seconds .

========================================================================
Received Import Request.
  Time since last request: 248.251036 seconds.
  path: Assets/Creator Kit - RPG/Art/Animations/Characters/detective/Detective_Idle.anim
  artifactKey: Guid(1a07592857164944cbf731abf31be13d) Importer(815301076,1909f56bfc062723c751e8b465ee728b)
Start importing Assets/Creator Kit - RPG/Art/Animations/Characters/detective/Detective_Idle.anim using Guid(1a07592857164944cbf731abf31be13d) Importer(815301076,1909f56bfc062723c751e8b465ee728b)  -> (artifact id: 'b8daa095a7c0f86739de6a669000d1e0') in 0.014079 seconds
  Import took 0.019995 seconds .

========================================================================
Received Import Request.
  Time since last request: 80.841886 seconds.
  path: Assets/Creator Kit - RPG/Art/Animators/Character.controller
  artifactKey: Guid(3978bface3e374a91b3f9ff70d5eabe8) Importer(815301076,1909f56bfc062723c751e8b465ee728b)
Start importing Assets/Creator Kit - RPG/Art/Animators/Character.controller using Guid(3978bface3e374a91b3f9ff70d5eabe8) Importer(815301076,1909f56bfc062723c751e8b465ee728b)  -> (artifact id: 'f4c7540818923868590a70c8d6ffdb37') in 0.020675 seconds
  Import took 0.027465 seconds .

========================================================================
Received Import Request.
  Time since last request: 0.002898 seconds.
  path: Assets/Creator Kit - RPG/Art/Animators/Character.controller
  artifactKey: Guid(3978bface3e374a91b3f9ff70d5eabe8) Importer(815301076,1909f56bfc062723c751e8b465ee728b)
Start importing Assets/Creator Kit - RPG/Art/Animators/Character.controller using Guid(3978bface3e374a91b3f9ff70d5eabe8) Importer(815301076,1909f56bfc062723c751e8b465ee728b)  -> (artifact id: 'f4c7540818923868590a70c8d6ffdb37') in 0.013462 seconds
  Import took 0.020922 seconds .

========================================================================
Received Prepare
Registering precompiled user dll's ...
Registered in 0.005129 seconds.
Begin MonoManager ReloadAssembly
Native extension for WindowsStandalone target not found
Refreshing native plugins compatible for Editor in 0.87 ms, found 0 plugins.
Preloading 0 native plugins for Editor in 0.00 ms.
Mono: successfully reloaded assembly
- Completed reload, in  1.376 seconds
Platform modules already initialized, skipping
Refreshing native plugins compatible for Editor in 2.22 ms, found 0 plugins.
Preloading 0 native plugins for Editor in 0.00 ms.
Unloading 1440 Unused Serialized files (Serialized files now loaded: 0)
System memory in use before: 74.8 MB.
System memory in use after: 74.9 MB.

Unloading 29 unused Assets to reduce memory usage. Loaded Objects now: 2056.
Total: 3.750300 ms (FindLiveObjects: 0.396400 ms CreateObjectMapping: 0.096700 ms MarkObjects: 3.104800 ms  DeleteObjects: 0.149800 ms)

========================================================================
Received Prepare
Registering precompiled user dll's ...
Registered in 0.010450 seconds.
Begin MonoManager ReloadAssembly
Native extension for WindowsStandalone target not found
Refreshing native plugins compatible for Editor in 1.14 ms, found 0 plugins.
Preloading 0 native plugins for Editor in 0.00 ms.
Mono: successfully reloaded assembly
- Completed reload, in  1.564 seconds
Platform modules already initialized, skipping
Refreshing native plugins compatible for Editor in 1.17 ms, found 0 plugins.
Preloading 0 native plugins for Editor in 0.00 ms.
Unloading 1440 Unused Serialized files (Serialized files now loaded: 0)
System memory in use before: 74.8 MB.
System memory in use after: 74.9 MB.

Unloading 25 unused Assets to reduce memory usage. Loaded Objects now: 2059.
Total: 6.916700 ms (FindLiveObjects: 0.515900 ms CreateObjectMapping: 0.269800 ms MarkObjects: 6.000300 ms  DeleteObjects: 0.126900 ms)

========================================================================
Received Import Request.
  Time since last request: 356.502617 seconds.
  path: Assets/Scenes/Cathy'sHouse.unity
  artifactKey: Guid(8271b7c25e93d4545bb63178b20c4ec3) Importer(815301076,1909f56bfc062723c751e8b465ee728b)
Start importing Assets/Scenes/Cathy'sHouse.unity using Guid(8271b7c25e93d4545bb63178b20c4ec3) Importer(815301076,1909f56bfc062723c751e8b465ee728b)  -> (artifact id: 'ae4f53db1417bb6074d5aba8e7390621') in 0.029056 seconds
  Import took 0.034635 seconds .

========================================================================
Received Import Request.
  Time since last request: 1.640946 seconds.
  path: Assets/Scenes/DetectiveHouse.unity
  artifactKey: Guid(a0ee7ef8e8eb63e41893b7a1bb2c17bc) Importer(815301076,1909f56bfc062723c751e8b465ee728b)
Start importing Assets/Scenes/DetectiveHouse.unity using Guid(a0ee7ef8e8eb63e41893b7a1bb2c17bc) Importer(815301076,1909f56bfc062723c751e8b465ee728b)  -> (artifact id: '2dd94881544c4935a788a544cb38523b') in 0.015830 seconds
  Import took 0.025648 seconds .

========================================================================
Received Import Request.
  Time since last request: 1.955851 seconds.
  path: Assets/Scenes/FinalProject.unity
  artifactKey: Guid(6f7f323fbafea47d6b437a00d0d10d3d) Importer(815301076,1909f56bfc062723c751e8b465ee728b)
Start importing Assets/Scenes/FinalProject.unity using Guid(6f7f323fbafea47d6b437a00d0d10d3d) Importer(815301076,1909f56bfc062723c751e8b465ee728b)  -> (artifact id: '5fbf04d6675964d6847ec8cfaed81dcd') in 0.017316 seconds
  Import took 0.022402 seconds .

========================================================================
Received Prepare
Registering precompiled user dll's ...
Registered in 0.004762 seconds.
Begin MonoManager ReloadAssembly
Native extension for WindowsStandalone target not found
Refreshing native plugins compatible for Editor in 1.69 ms, found 0 plugins.
Preloading 0 native plugins for Editor in 0.00 ms.
Mono: successfully reloaded assembly
- Completed reload, in  1.368 seconds
Platform modules already initialized, skipping
Refreshing native plugins compatible for Editor in 0.91 ms, found 0 plugins.
Preloading 0 native plugins for Editor in 0.00 ms.
Unloading 1440 Unused Serialized files (Serialized files now loaded: 0)
System memory in use before: 74.8 MB.
System memory in use after: 74.9 MB.

Unloading 25 unused Assets to reduce memory usage. Loaded Objects now: 2062.
Total: 4.451100 ms (FindLiveObjects: 0.879900 ms CreateObjectMapping: 0.180800 ms MarkObjects: 3.308000 ms  DeleteObjects: 0.061200 ms)

========================================================================
Received Import Request.
  Time since last request: 73.690962 seconds.
  path: Assets/Creator Kit - RPG/Art/Animators/Villager01.controller
  artifactKey: Guid(8df5494207a769846b30b4825024028e) Importer(815301076,1909f56bfc062723c751e8b465ee728b)
Start importing Assets/Creator Kit - RPG/Art/Animators/Villager01.controller using Guid(8df5494207a769846b30b4825024028e) Importer(815301076,1909f56bfc062723c751e8b465ee728b)  -> (artifact id: '4e24b38cab05308b4c0ef43f12baee3b') in 0.035698 seconds
  Import took 0.041635 seconds .

========================================================================
Received Import Request.
  Time since last request: 49.868577 seconds.
  path: Assets/Creator Kit - RPG/Art/Animators
  artifactKey: Guid(e91017a42a68ffa4f85315b8a7c88a05) Importer(815301076,1909f56bfc062723c751e8b465ee728b)
Start importing Assets/Creator Kit - RPG/Art/Animators using Guid(e91017a42a68ffa4f85315b8a7c88a05) Importer(815301076,1909f56bfc062723c751e8b465ee728b)  -> (artifact id: '8b0182d3c06749d082aaf57945c26a82') in 0.017915 seconds
  Import took 0.022791 seconds .

========================================================================
Received Import Request.
  Time since last request: 0.002442 seconds.
  path: Assets/Creator Kit - RPG/Art/Animators
  artifactKey: Guid(e91017a42a68ffa4f85315b8a7c88a05) Importer(815301076,1909f56bfc062723c751e8b465ee728b)
Start importing Assets/Creator Kit - RPG/Art/Animators using Guid(e91017a42a68ffa4f85315b8a7c88a05) Importer(815301076,1909f56bfc062723c751e8b465ee728b)  -> (artifact id: '8b0182d3c06749d082aaf57945c26a82') in 0.003753 seconds
  Import took 0.009746 seconds .

========================================================================
Received Import Request.
  Time since last request: 13.979029 seconds.
  path: Assets/Creator Kit - RPG/Art/Animators/Patricia.controller
  artifactKey: Guid(e85e9f3450c8e6d4b810596b648e7d25) Importer(815301076,1909f56bfc062723c751e8b465ee728b)
Start importing Assets/Creator Kit - RPG/Art/Animators/Patricia.controller using Guid(e85e9f3450c8e6d4b810596b648e7d25) Importer(815301076,1909f56bfc062723c751e8b465ee728b)  -> (artifact id: '089be69b9576e6fd986b1089a510f259') in 0.016993 seconds
  Import took 0.022994 seconds .

========================================================================
Received Import Request.
  Time since last request: 45.548173 seconds.
  path: Assets/Creator Kit - RPG/Art/Animators/Patricia.overrideController
  artifactKey: Guid(889e92ea79d42e04b9e49d4a746e49a8) Importer(815301076,1909f56bfc062723c751e8b465ee728b)
Start importing Assets/Creator Kit - RPG/Art/Animators/Patricia.overrideController using Guid(889e92ea79d42e04b9e49d4a746e49a8) Importer(815301076,1909f56bfc062723c751e8b465ee728b)  -> (artifact id: 'eeeb94a68aafa7699bed13289af6b8a1') in 0.012947 seconds
  Import took 0.018183 seconds .

========================================================================
Received Import Request.
  Time since last request: 0.002263 seconds.
  path: Assets/Creator Kit - RPG/Art/Animators/Patricia.overrideController
  artifactKey: Guid(889e92ea79d42e04b9e49d4a746e49a8) Importer(815301076,1909f56bfc062723c751e8b465ee728b)
Start importing Assets/Creator Kit - RPG/Art/Animators/Patricia.overrideController using Guid(889e92ea79d42e04b9e49d4a746e49a8) Importer(815301076,1909f56bfc062723c751e8b465ee728b)  -> (artifact id: 'eeeb94a68aafa7699bed13289af6b8a1') in 0.006091 seconds
  Import took 0.011007 seconds .

========================================================================
Received Import Request.
  Time since last request: 48.950889 seconds.
  path: Assets/Creator Kit - RPG/Art/Animations/Characters
  artifactKey: Guid(5490aae0fc63c984a9bfc47d6805bc0e) Importer(815301076,1909f56bfc062723c751e8b465ee728b)
Start importing Assets/Creator Kit - RPG/Art/Animations/Characters using Guid(5490aae0fc63c984a9bfc47d6805bc0e) Importer(815301076,1909f56bfc062723c751e8b465ee728b)  -> (artifact id: '56e80dea1335dafab4bac2f48a9253fd') in 0.012722 seconds
  Import took 0.018686 seconds .

========================================================================
Received Import Request.
  Time since last request: 119.450614 seconds.
  path: Assets/Creator Kit - RPG/Art/Animations/Characters/Patricia
  artifactKey: Guid(2a6704bfcee31df429d9f25c6b7964a4) Importer(815301076,1909f56bfc062723c751e8b465ee728b)
Start importing Assets/Creator Kit - RPG/Art/Animations/Characters/Patricia using Guid(2a6704bfcee31df429d9f25c6b7964a4) Importer(815301076,1909f56bfc062723c751e8b465ee728b)  -> (artifact id: 'b9c9836cf713b5488fb237e39137d8e1') in 0.008039 seconds
  Import took 0.013439 seconds .

========================================================================
Received Import Request.
  Time since last request: 9.426458 seconds.
  path: Assets/Creator Kit - RPG/Art/Animations/Characters/Pabel
  artifactKey: Guid(45e8f227bf2c03b4693764df9bd33e16) Importer(815301076,1909f56bfc062723c751e8b465ee728b)
Start importing Assets/Creator Kit - RPG/Art/Animations/Characters/Pabel using Guid(45e8f227bf2c03b4693764df9bd33e16) Importer(815301076,1909f56bfc062723c751e8b465ee728b)  -> (artifact id: '85d944be99fa6354e7e79d144b6179c5') in 0.015723 seconds
  Import took 0.020532 seconds .

========================================================================
Received Import Request.
  Time since last request: 10.510101 seconds.
  path: Assets/Creator Kit - RPG/Art/Animations/Characters/Bray
  artifactKey: Guid(e399dbaebe58513418b81419cb37218b) Importer(815301076,1909f56bfc062723c751e8b465ee728b)
Start importing Assets/Creator Kit - RPG/Art/Animations/Characters/Bray using Guid(e399dbaebe58513418b81419cb37218b) Importer(815301076,1909f56bfc062723c751e8b465ee728b)  -> (artifact id: '86f909f4bd12eb964e2625ecfc9807f3') in 0.015649 seconds
  Import took 0.022596 seconds .

========================================================================
Received Import Request.
  Time since last request: 22.369440 seconds.
  path: Assets/Creator Kit - RPG/Art/Animations/Characters/Emma
  artifactKey: Guid(e0ab7cf0ff5bf5940b753a73605655eb) Importer(815301076,1909f56bfc062723c751e8b465ee728b)
Start importing Assets/Creator Kit - RPG/Art/Animations/Characters/Emma using Guid(e0ab7cf0ff5bf5940b753a73605655eb) Importer(815301076,1909f56bfc062723c751e8b465ee728b)  -> (artifact id: 'd05ec8a303e8066d442c5c4353460ec6') in 0.012020 seconds
  Import took 0.017619 seconds .

========================================================================
Received Import Request.
  Time since last request: 25.087546 seconds.
  path: Assets/Creator Kit - RPG/Art/Sprites/Characters/detective.png
  artifactKey: Guid(57ebe47bc7fbb2045aafc0ca0552784e) Importer(815301076,1909f56bfc062723c751e8b465ee728b)
Start importing Assets/Creator Kit - RPG/Art/Sprites/Characters/detective.png using Guid(57ebe47bc7fbb2045aafc0ca0552784e) Importer(815301076,1909f56bfc062723c751e8b465ee728b)  -> (artifact id: '7b142e7e6ad776007703fcb88767e8fd') in 0.421933 seconds
  Import took 0.429724 seconds .

========================================================================
Received Import Request.
  Time since last request: 25.777926 seconds.
  path: Assets/Creator Kit - RPG/Art/Sprites/Characters/patricia.png
  artifactKey: Guid(ba028f6954043e04a871878877a3db10) Importer(815301076,1909f56bfc062723c751e8b465ee728b)
Start importing Assets/Creator Kit - RPG/Art/Sprites/Characters/patricia.png using Guid(ba028f6954043e04a871878877a3db10) Importer(815301076,1909f56bfc062723c751e8b465ee728b)  -> (artifact id: 'adaf56a26b30d6bf731427f9766cfc54') in 0.040874 seconds
  Import took 0.045306 seconds .

========================================================================
Received Import Request.
  Time since last request: 0.005588 seconds.
  path: Assets/Creator Kit - RPG/Art/Sprites/Characters/patricia.png
  artifactKey: Guid(ba028f6954043e04a871878877a3db10) Importer(815301076,1909f56bfc062723c751e8b465ee728b)
Start importing Assets/Creator Kit - RPG/Art/Sprites/Characters/patricia.png using Guid(ba028f6954043e04a871878877a3db10) Importer(815301076,1909f56bfc062723c751e8b465ee728b)  -> (artifact id: 'adaf56a26b30d6bf731427f9766cfc54') in 0.039629 seconds
  Import took 0.046614 seconds .

========================================================================
Received Import Request.
  Time since last request: 180.757745 seconds.
  path: Assets/Creator Kit - RPG/Art/Sprites/Characters/mayoremma.png
  artifactKey: Guid(3f70bad50b4e4754a8bbcc4fd6c3e934) Importer(815301076,1909f56bfc062723c751e8b465ee728b)
Start importing Assets/Creator Kit - RPG/Art/Sprites/Characters/mayoremma.png using Guid(3f70bad50b4e4754a8bbcc4fd6c3e934) Importer(815301076,1909f56bfc062723c751e8b465ee728b)  -> (artifact id: '7f79237a0edc7fc42c2ca853487f675c') in 0.042983 seconds
  Import took 0.048922 seconds .

========================================================================
Received Import Request.
  Time since last request: 10.154311 seconds.
  path: Assets/Creator Kit - RPG/Art/Sprites/Characters/bray 1.png
  artifactKey: Guid(70a8076a671d40a4bae921d930aa423e) Importer(815301076,1909f56bfc062723c751e8b465ee728b)
Start importing Assets/Creator Kit - RPG/Art/Sprites/Characters/bray 1.png using Guid(70a8076a671d40a4bae921d930aa423e) Importer(815301076,1909f56bfc062723c751e8b465ee728b)  -> (artifact id: 'b7d6e672aca0f270f0360cde6d3906c2') in 0.044825 seconds
  Import took 0.051609 seconds .

========================================================================
Received Import Request.
  Time since last request: 0.000424 seconds.
  path: Assets/Creator Kit - RPG/Art/Sprites/Characters/pabel.png
  artifactKey: Guid(7691c9df21615364890140735587a458) Importer(815301076,1909f56bfc062723c751e8b465ee728b)
Start importing Assets/Creator Kit - RPG/Art/Sprites/Characters/pabel.png using Guid(7691c9df21615364890140735587a458) Importer(815301076,1909f56bfc062723c751e8b465ee728b)  -> (artifact id: '8d726041a585ead78bdf68368aa523ee') in 0.022958 seconds
  Import took 0.028726 seconds .

========================================================================
Received Import Request.
  Time since last request: 0.000414 seconds.
  path: Assets/Creator Kit - RPG/Art/Sprites/Characters/bray.png
  artifactKey: Guid(da0c02771d34157439237d11702d316c) Importer(815301076,1909f56bfc062723c751e8b465ee728b)
Start importing Assets/Creator Kit - RPG/Art/Sprites/Characters/bray.png using Guid(da0c02771d34157439237d11702d316c) Importer(815301076,1909f56bfc062723c751e8b465ee728b)  -> (artifact id: 'dae58368f1f1ef6fce9a83e7acd92068') in 0.031605 seconds
  Import took 0.035661 seconds .

========================================================================
Received Import Request.
  Time since last request: 2.767478 seconds.
  path: Assets/Creator Kit - RPG/Art/Sprites/Characters/pabel 1.png
  artifactKey: Guid(8294010bdd7f3e14c93ba06031c4757b) Importer(815301076,1909f56bfc062723c751e8b465ee728b)
Start importing Assets/Creator Kit - RPG/Art/Sprites/Characters/pabel 1.png using Guid(8294010bdd7f3e14c93ba06031c4757b) Importer(815301076,1909f56bfc062723c751e8b465ee728b)  -> (artifact id: '8cfc85a9e2658f2a7ed426a93dda7847') in 0.043786 seconds
  Import took 0.050728 seconds .

========================================================================
Received Import Request.
  Time since last request: 0.025194 seconds.
  path: Assets/Creator Kit - RPG/Art/Sprites/Characters/pabel 1.png
  artifactKey: Guid(8294010bdd7f3e14c93ba06031c4757b) Importer(815301076,1909f56bfc062723c751e8b465ee728b)
Start importing Assets/Creator Kit - RPG/Art/Sprites/Characters/pabel 1.png using Guid(8294010bdd7f3e14c93ba06031c4757b) Importer(815301076,1909f56bfc062723c751e8b465ee728b)  -> (artifact id: '8cfc85a9e2658f2a7ed426a93dda7847') in 0.032807 seconds
  Import took 0.038656 seconds .

========================================================================
Received Import Request.
  Time since last request: 53.282804 seconds.
  path: Assets/Creator Kit - RPG/Art/Sprites/Characters/patricia.png
  artifactKey: Guid(ba028f6954043e04a871878877a3db10) Importer(815301076,1909f56bfc062723c751e8b465ee728b)
Start importing Assets/Creator Kit - RPG/Art/Sprites/Characters/patricia.png using Guid(ba028f6954043e04a871878877a3db10) Importer(815301076,1909f56bfc062723c751e8b465ee728b)  -> (artifact id: '4284ff07fdfe697e56cbffbda76f468e') in 0.034718 seconds
  Import took 0.039844 seconds .

========================================================================
Received Import Request.
  Time since last request: 0.000529 seconds.
  path: Assets/Creator Kit - RPG/Art/Sprites/Characters/pabel.png
  artifactKey: Guid(7691c9df21615364890140735587a458) Importer(815301076,1909f56bfc062723c751e8b465ee728b)
Start importing Assets/Creator Kit - RPG/Art/Sprites/Characters/pabel.png using Guid(7691c9df21615364890140735587a458) Importer(815301076,1909f56bfc062723c751e8b465ee728b)  -> (artifact id: 'b4f476d90f1171322a5629d036496228') in 0.035278 seconds
  Import took 0.041618 seconds .

========================================================================
Received Import Request.
  Time since last request: 0.000529 seconds.
  path: Assets/Creator Kit - RPG/Art/Sprites/Characters/bray.png
  artifactKey: Guid(da0c02771d34157439237d11702d316c) Importer(815301076,1909f56bfc062723c751e8b465ee728b)
Start importing Assets/Creator Kit - RPG/Art/Sprites/Characters/bray.png using Guid(da0c02771d34157439237d11702d316c) Importer(815301076,1909f56bfc062723c751e8b465ee728b)  -> (artifact id: '46ade529cd904f571b1940a53ef61be1') in 0.069720 seconds
  Import took 0.075648 seconds .

========================================================================
Received Import Request.
  Time since last request: 0.000376 seconds.
  path: Assets/Creator Kit - RPG/Art/Sprites/Characters/mayoremma.png
  artifactKey: Guid(3f70bad50b4e4754a8bbcc4fd6c3e934) Importer(815301076,1909f56bfc062723c751e8b465ee728b)
Start importing Assets/Creator Kit - RPG/Art/Sprites/Characters/mayoremma.png using Guid(3f70bad50b4e4754a8bbcc4fd6c3e934) Importer(815301076,1909f56bfc062723c751e8b465ee728b)  -> (artifact id: '44d60e9c092abf43161f50d600d31e19') in 0.021543 seconds
  Import took 0.027377 seconds .

========================================================================
Received Import Request.
  Time since last request: 58.735739 seconds.
  path: Assets/Creator Kit - RPG/Art/Sprites/Characters/mayoremma.png
  artifactKey: Guid(3f70bad50b4e4754a8bbcc4fd6c3e934) Importer(815301076,1909f56bfc062723c751e8b465ee728b)
Start importing Assets/Creator Kit - RPG/Art/Sprites/Characters/mayoremma.png using Guid(3f70bad50b4e4754a8bbcc4fd6c3e934) Importer(815301076,1909f56bfc062723c751e8b465ee728b)  -> (artifact id: 'a91df3b9726c35766af69411a0bc4326') in 0.282100 seconds
  Import took 0.286643 seconds .

========================================================================
Received Import Request.
  Time since last request: 29.646741 seconds.
  path: Assets/Creator Kit - RPG/Art/Sprites/Characters/pabel.png
  artifactKey: Guid(7691c9df21615364890140735587a458) Importer(815301076,1909f56bfc062723c751e8b465ee728b)
Start importing Assets/Creator Kit - RPG/Art/Sprites/Characters/pabel.png using Guid(7691c9df21615364890140735587a458) Importer(815301076,1909f56bfc062723c751e8b465ee728b)  -> (artifact id: '1933640867acacbd902591fb3f319202') in 0.447137 seconds
  Import took 0.452866 seconds .

========================================================================
Received Import Request.
  Time since last request: 15.844347 seconds.
  path: Assets/Creator Kit - RPG/Art/Sprites/Characters/patricia.png
  artifactKey: Guid(ba028f6954043e04a871878877a3db10) Importer(815301076,1909f56bfc062723c751e8b465ee728b)
Start importing Assets/Creator Kit - RPG/Art/Sprites/Characters/patricia.png using Guid(ba028f6954043e04a871878877a3db10) Importer(815301076,1909f56bfc062723c751e8b465ee728b)  -> (artifact id: 'c0af06322731ac4d3b3c5f5af20fca1b') in 0.295549 seconds
  Import took 0.302180 seconds .

========================================================================
Received Import Request.
  Time since last request: 11.095506 seconds.
  path: Assets/Creator Kit - RPG/Art/Sprites/Characters/bray.png
  artifactKey: Guid(da0c02771d34157439237d11702d316c) Importer(815301076,1909f56bfc062723c751e8b465ee728b)
Start importing Assets/Creator Kit - RPG/Art/Sprites/Characters/bray.png using Guid(da0c02771d34157439237d11702d316c) Importer(815301076,1909f56bfc062723c751e8b465ee728b)  -> (artifact id: '1210f28dcaee02a2ea749a30d02cbfc9') in 0.360421 seconds
  Import took 0.365162 seconds .

========================================================================
Received Import Request.
  Time since last request: 111.873152 seconds.
  path: Assets/Creator Kit - RPG/Art/Animators/Pable.overrideController
  artifactKey: Guid(15a1e181b370805408e30851cc32e010) Importer(815301076,1909f56bfc062723c751e8b465ee728b)
Start importing Assets/Creator Kit - RPG/Art/Animators/Pable.overrideController using Guid(15a1e181b370805408e30851cc32e010) Importer(815301076,1909f56bfc062723c751e8b465ee728b)  -> (artifact id: '5575130fb5ddcab32e8c2a2647f9940a') in 0.017047 seconds
  Import took 0.021266 seconds .

========================================================================
Received Import Request.
  Time since last request: 0.010632 seconds.
  path: Assets/Creator Kit - RPG/Art/Animators/Pable.overrideController
  artifactKey: Guid(15a1e181b370805408e30851cc32e010) Importer(815301076,1909f56bfc062723c751e8b465ee728b)
Start importing Assets/Creator Kit - RPG/Art/Animators/Pable.overrideController using Guid(15a1e181b370805408e30851cc32e010) Importer(815301076,1909f56bfc062723c751e8b465ee728b)  -> (artifact id: '5575130fb5ddcab32e8c2a2647f9940a') in 0.006594 seconds
  Import took 0.014214 seconds .

========================================================================
Received Import Request.
  Time since last request: 14.807443 seconds.
  path: Assets/Creator Kit - RPG/Art/Animators/Bray.overrideController
  artifactKey: Guid(286ed9cea2cea364094b1d7f177ce5b8) Importer(815301076,1909f56bfc062723c751e8b465ee728b)
Start importing Assets/Creator Kit - RPG/Art/Animators/Bray.overrideController using Guid(286ed9cea2cea364094b1d7f177ce5b8) Importer(815301076,1909f56bfc062723c751e8b465ee728b)  -> (artifact id: 'd5b3d866eb673633b462f9e65c6d311c') in 0.005198 seconds
  Import took 0.014200 seconds .

========================================================================
Received Import Request.
  Time since last request: 0.010556 seconds.
  path: Assets/Creator Kit - RPG/Art/Animators/Bray.overrideController
  artifactKey: Guid(286ed9cea2cea364094b1d7f177ce5b8) Importer(815301076,1909f56bfc062723c751e8b465ee728b)
Start importing Assets/Creator Kit - RPG/Art/Animators/Bray.overrideController using Guid(286ed9cea2cea364094b1d7f177ce5b8) Importer(815301076,1909f56bfc062723c751e8b465ee728b)  -> (artifact id: 'd5b3d866eb673633b462f9e65c6d311c') in 0.006679 seconds
  Import took 0.011043 seconds .

========================================================================
Received Import Request.
  Time since last request: 13.610939 seconds.
  path: Assets/Creator Kit - RPG/Art/Animators/emma.overrideController
  artifactKey: Guid(f52cebfff9d9ef248a7628479f4be437) Importer(815301076,1909f56bfc062723c751e8b465ee728b)
Start importing Assets/Creator Kit - RPG/Art/Animators/emma.overrideController using Guid(f52cebfff9d9ef248a7628479f4be437) Importer(815301076,1909f56bfc062723c751e8b465ee728b)  -> (artifact id: '568a637a1d310b531c70d2dfe861598a') in 0.016118 seconds
  Import took 0.021398 seconds .

========================================================================
Received Import Request.
  Time since last request: 0.003178 seconds.
  path: Assets/Creator Kit - RPG/Art/Animators/emma.overrideController
  artifactKey: Guid(f52cebfff9d9ef248a7628479f4be437) Importer(815301076,1909f56bfc062723c751e8b465ee728b)
Start importing Assets/Creator Kit - RPG/Art/Animators/emma.overrideController using Guid(f52cebfff9d9ef248a7628479f4be437) Importer(815301076,1909f56bfc062723c751e8b465ee728b)  -> (artifact id: '568a637a1d310b531c70d2dfe861598a') in 0.006343 seconds
  Import took 0.011711 seconds .

========================================================================
Received Import Request.
  Time since last request: 38.131222 seconds.
  path: Assets/Creator Kit - RPG/Art/Animators/Leaves.controller
  artifactKey: Guid(52ba45bbfd71c7e4192a2974be4ca3d4) Importer(815301076,1909f56bfc062723c751e8b465ee728b)
Start importing Assets/Creator Kit - RPG/Art/Animators/Leaves.controller using Guid(52ba45bbfd71c7e4192a2974be4ca3d4) Importer(815301076,1909f56bfc062723c751e8b465ee728b)  -> (artifact id: '154bcec539320906d2e7ee16dab8890e') in 0.017082 seconds
  Import took 0.023901 seconds .

========================================================================
Received Import Request.
  Time since last request: 36.460814 seconds.
  path: Assets/Creator Kit - RPG/Art/Animations/Characters/Bray/Bray_idle.anim
  artifactKey: Guid(6e04e6e966e1b5144862713f653dda08) Importer(815301076,1909f56bfc062723c751e8b465ee728b)
Start importing Assets/Creator Kit - RPG/Art/Animations/Characters/Bray/Bray_idle.anim using Guid(6e04e6e966e1b5144862713f653dda08) Importer(815301076,1909f56bfc062723c751e8b465ee728b)  -> (artifact id: '004d9abc30598b65061cca68976ccb84') in 0.016644 seconds
  Import took 0.023224 seconds .

========================================================================
Received Import Request.
  Time since last request: 65.523115 seconds.
  path: Assets/Creator Kit - RPG/Art/Animations/Characters/Emma/Emma_idle.anim
  artifactKey: Guid(4d02791260e89644a866bb593e191549) Importer(815301076,1909f56bfc062723c751e8b465ee728b)
Start importing Assets/Creator Kit - RPG/Art/Animations/Characters/Emma/Emma_idle.anim using Guid(4d02791260e89644a866bb593e191549) Importer(815301076,1909f56bfc062723c751e8b465ee728b)  -> (artifact id: 'aca7007491f5cee4f3dc051a8c06fe6d') in 0.016182 seconds
  Import took 0.021593 seconds .

========================================================================
Received Prepare
Registering precompiled user dll's ...
Registered in 0.005940 seconds.
Begin MonoManager ReloadAssembly
Native extension for WindowsStandalone target not found
Refreshing native plugins compatible for Editor in 0.92 ms, found 0 plugins.
Preloading 0 native plugins for Editor in 0.00 ms.
Mono: successfully reloaded assembly
- Completed reload, in  1.372 seconds
Platform modules already initialized, skipping
Refreshing native plugins compatible for Editor in 1.08 ms, found 0 plugins.
Preloading 0 native plugins for Editor in 0.00 ms.
Unloading 1440 Unused Serialized files (Serialized files now loaded: 0)
System memory in use before: 75.0 MB.
System memory in use after: 75.1 MB.

Unloading 25 unused Assets to reduce memory usage. Loaded Objects now: 2154.
Total: 5.738200 ms (FindLiveObjects: 1.358000 ms CreateObjectMapping: 0.560400 ms MarkObjects: 3.780900 ms  DeleteObjects: 0.034300 ms)

========================================================================
Received Prepare
Registering precompiled user dll's ...
Registered in 0.007083 seconds.
Begin MonoManager ReloadAssembly
Native extension for WindowsStandalone target not found
Refreshing native plugins compatible for Editor in 1.22 ms, found 0 plugins.
Preloading 0 native plugins for Editor in 0.00 ms.
Mono: successfully reloaded assembly
- Completed reload, in  1.420 seconds
Platform modules already initialized, skipping
Refreshing native plugins compatible for Editor in 1.15 ms, found 0 plugins.
Preloading 0 native plugins for Editor in 0.00 ms.
Unloading 1440 Unused Serialized files (Serialized files now loaded: 0)
System memory in use before: 75.0 MB.
System memory in use after: 75.1 MB.

Unloading 25 unused Assets to reduce memory usage. Loaded Objects now: 2157.
Total: 3.252900 ms (FindLiveObjects: 0.409200 ms CreateObjectMapping: 0.111000 ms MarkObjects: 2.693900 ms  DeleteObjects: 0.036600 ms)

========================================================================
Received Prepare
Registering precompiled user dll's ...
Registered in 0.004633 seconds.
Begin MonoManager ReloadAssembly
Native extension for WindowsStandalone target not found
Refreshing native plugins compatible for Editor in 1.15 ms, found 0 plugins.
Preloading 0 native plugins for Editor in 0.00 ms.
Mono: successfully reloaded assembly
- Completed reload, in  1.636 seconds
Platform modules already initialized, skipping
Refreshing native plugins compatible for Editor in 1.16 ms, found 0 plugins.
Preloading 0 native plugins for Editor in 0.00 ms.
Unloading 1440 Unused Serialized files (Serialized files now loaded: 0)
System memory in use before: 75.0 MB.
System memory in use after: 75.2 MB.

Unloading 25 unused Assets to reduce memory usage. Loaded Objects now: 2160.
Total: 3.031300 ms (FindLiveObjects: 0.380800 ms CreateObjectMapping: 0.137900 ms MarkObjects: 2.467000 ms  DeleteObjects: 0.043100 ms)

========================================================================
Received Prepare
Registering precompiled user dll's ...
Registered in 0.005457 seconds.
Begin MonoManager ReloadAssembly
Native extension for WindowsStandalone target not found
Refreshing native plugins compatible for Editor in 0.98 ms, found 0 plugins.
Preloading 0 native plugins for Editor in 0.00 ms.
Mono: successfully reloaded assembly
- Completed reload, in  1.286 seconds
Platform modules already initialized, skipping
Refreshing native plugins compatible for Editor in 1.17 ms, found 0 plugins.
Preloading 0 native plugins for Editor in 0.00 ms.
Unloading 1440 Unused Serialized files (Serialized files now loaded: 0)
System memory in use before: 75.0 MB.
System memory in use after: 75.2 MB.

Unloading 25 unused Assets to reduce memory usage. Loaded Objects now: 2163.
Total: 4.551700 ms (FindLiveObjects: 0.551600 ms CreateObjectMapping: 0.167000 ms MarkObjects: 3.802900 ms  DeleteObjects: 0.028100 ms)

========================================================================
Received Import Request.
  Time since last request: 526.614374 seconds.
  path: Assets/Creator Kit - RPG/Art/Animations/Characters/Patricia/Patricia_idle.anim
  artifactKey: Guid(b16b678c8b51514458760dfe6300e46c) Importer(815301076,1909f56bfc062723c751e8b465ee728b)
Start importing Assets/Creator Kit - RPG/Art/Animations/Characters/Patricia/Patricia_idle.anim using Guid(b16b678c8b51514458760dfe6300e46c) Importer(815301076,1909f56bfc062723c751e8b465ee728b)  -> (artifact id: 'd3a4241faa8c900b403ce586e252bd80') in 0.019495 seconds
  Import took 0.023412 seconds .

========================================================================
Received Import Request.
  Time since last request: 15.854441 seconds.
  path: Assets/Creator Kit - RPG/Art/Animations/Characters/Pabel/Pable_Idle.anim
  artifactKey: Guid(f59cb8fe1f258584780aa1b4f0ec9971) Importer(815301076,1909f56bfc062723c751e8b465ee728b)
Start importing Assets/Creator Kit - RPG/Art/Animations/Characters/Pabel/Pable_Idle.anim using Guid(f59cb8fe1f258584780aa1b4f0ec9971) Importer(815301076,1909f56bfc062723c751e8b465ee728b)  -> (artifact id: '69fc8945e4978560c5ddc7d7301a2d6a') in 0.014483 seconds
  Import took 0.020236 seconds .

========================================================================
Received Import Request.
  Time since last request: 0.007831 seconds.
  path: Assets/Creator Kit - RPG/Art/Animations/Characters/Pabel/Pable_Idle.anim
  artifactKey: Guid(f59cb8fe1f258584780aa1b4f0ec9971) Importer(815301076,1909f56bfc062723c751e8b465ee728b)
Start importing Assets/Creator Kit - RPG/Art/Animations/Characters/Pabel/Pable_Idle.anim using Guid(f59cb8fe1f258584780aa1b4f0ec9971) Importer(815301076,1909f56bfc062723c751e8b465ee728b)  -> (artifact id: '69fc8945e4978560c5ddc7d7301a2d6a') in 0.006985 seconds
  Import took 0.014002 seconds .

========================================================================
Received Import Request.
  Time since last request: 8.633847 seconds.
  path: Assets/Creator Kit - RPG/Art/Animators/Bray.overrideController
  artifactKey: Guid(286ed9cea2cea364094b1d7f177ce5b8) Importer(815301076,1909f56bfc062723c751e8b465ee728b)
Start importing Assets/Creator Kit - RPG/Art/Animators/Bray.overrideController using Guid(286ed9cea2cea364094b1d7f177ce5b8) Importer(815301076,1909f56bfc062723c751e8b465ee728b)  -> (artifact id: 'ca6109850ed580b01a6b105408f6477f') in 0.010566 seconds
  Import took 0.015948 seconds .

========================================================================
Received Import Request.
  Time since last request: 0.000321 seconds.
  path: Assets/Creator Kit - RPG/Art/Animators/Patricia.overrideController
  artifactKey: Guid(889e92ea79d42e04b9e49d4a746e49a8) Importer(815301076,1909f56bfc062723c751e8b465ee728b)
Start importing Assets/Creator Kit - RPG/Art/Animators/Patricia.overrideController using Guid(889e92ea79d42e04b9e49d4a746e49a8) Importer(815301076,1909f56bfc062723c751e8b465ee728b)  -> (artifact id: '7d8042d14524ed12b946be689f490399') in 0.004097 seconds
  Import took 0.009625 seconds .

========================================================================
Received Import Request.
  Time since last request: 0.000425 seconds.
  path: Assets/Creator Kit - RPG/Art/Animators/emma.overrideController
  artifactKey: Guid(f52cebfff9d9ef248a7628479f4be437) Importer(815301076,1909f56bfc062723c751e8b465ee728b)
Start importing Assets/Creator Kit - RPG/Art/Animators/emma.overrideController using Guid(f52cebfff9d9ef248a7628479f4be437) Importer(815301076,1909f56bfc062723c751e8b465ee728b)  -> (artifact id: 'bf753655049bb2b75ea00e3e4aabd126') in 0.006311 seconds
  Import took 0.011029 seconds .

========================================================================
Received Import Request.
  Time since last request: 0.000417 seconds.
  path: Assets/Creator Kit - RPG/Art/Animators/Pable.overrideController
  artifactKey: Guid(15a1e181b370805408e30851cc32e010) Importer(815301076,1909f56bfc062723c751e8b465ee728b)
Start importing Assets/Creator Kit - RPG/Art/Animators/Pable.overrideController using Guid(15a1e181b370805408e30851cc32e010) Importer(815301076,1909f56bfc062723c751e8b465ee728b)  -> (artifact id: '7d301440930b386656e3b557d5afe955') in 0.006334 seconds
  Import took 0.013646 seconds .

========================================================================
Received Prepare
Registering precompiled user dll's ...
Registered in 0.004931 seconds.
Begin MonoManager ReloadAssembly
Native extension for WindowsStandalone target not found
Refreshing native plugins compatible for Editor in 0.91 ms, found 0 plugins.
Preloading 0 native plugins for Editor in 0.00 ms.
Mono: successfully reloaded assembly
- Completed reload, in  1.364 seconds
Platform modules already initialized, skipping
Refreshing native plugins compatible for Editor in 1.03 ms, found 0 plugins.
Preloading 0 native plugins for Editor in 0.00 ms.
Unloading 1440 Unused Serialized files (Serialized files now loaded: 0)
System memory in use before: 75.1 MB.
System memory in use after: 75.2 MB.

Unloading 25 unused Assets to reduce memory usage. Loaded Objects now: 2166.
Total: 3.702900 ms (FindLiveObjects: 0.450900 ms CreateObjectMapping: 0.139800 ms MarkObjects: 3.056000 ms  DeleteObjects: 0.053300 ms)

========================================================================
Received Prepare
Registering precompiled user dll's ...
Registered in 0.004723 seconds.
Begin MonoManager ReloadAssembly
Native extension for WindowsStandalone target not found
Refreshing native plugins compatible for Editor in 1.13 ms, found 0 plugins.
Preloading 0 native plugins for Editor in 0.00 ms.
Mono: successfully reloaded assembly
- Completed reload, in  1.328 seconds
Platform modules already initialized, skipping
Refreshing native plugins compatible for Editor in 0.96 ms, found 0 plugins.
Preloading 0 native plugins for Editor in 0.00 ms.
Unloading 1440 Unused Serialized files (Serialized files now loaded: 0)
System memory in use before: 75.1 MB.
System memory in use after: 75.2 MB.

Unloading 25 unused Assets to reduce memory usage. Loaded Objects now: 2169.
Total: 3.811000 ms (FindLiveObjects: 0.852100 ms CreateObjectMapping: 0.374500 ms MarkObjects: 2.548600 ms  DeleteObjects: 0.031700 ms)

========================================================================
Received Prepare
Registering precompiled user dll's ...
Registered in 0.005107 seconds.
Begin MonoManager ReloadAssembly
Native extension for WindowsStandalone target not found
Refreshing native plugins compatible for Editor in 0.92 ms, found 0 plugins.
Preloading 0 native plugins for Editor in 0.00 ms.
Mono: successfully reloaded assembly
- Completed reload, in  1.354 seconds
Platform modules already initialized, skipping
Refreshing native plugins compatible for Editor in 0.87 ms, found 0 plugins.
Preloading 0 native plugins for Editor in 0.00 ms.
Unloading 1440 Unused Serialized files (Serialized files now loaded: 0)
System memory in use before: 75.1 MB.
System memory in use after: 75.2 MB.

Unloading 25 unused Assets to reduce memory usage. Loaded Objects now: 2172.
Total: 5.070300 ms (FindLiveObjects: 0.872900 ms CreateObjectMapping: 0.181600 ms MarkObjects: 3.976400 ms  DeleteObjects: 0.036300 ms)

========================================================================
Received Prepare
Registering precompiled user dll's ...
Registered in 0.005781 seconds.
Begin MonoManager ReloadAssembly
Native extension for WindowsStandalone target not found
Refreshing native plugins compatible for Editor in 1.01 ms, found 0 plugins.
Preloading 0 native plugins for Editor in 0.00 ms.
Mono: successfully reloaded assembly
- Completed reload, in  1.357 seconds
Platform modules already initialized, skipping
Refreshing native plugins compatible for Editor in 1.81 ms, found 0 plugins.
Preloading 0 native plugins for Editor in 0.00 ms.
Unloading 1440 Unused Serialized files (Serialized files now loaded: 0)
System memory in use before: 75.1 MB.
System memory in use after: 75.2 MB.

Unloading 25 unused Assets to reduce memory usage. Loaded Objects now: 2175.
Total: 3.972400 ms (FindLiveObjects: 0.537600 ms CreateObjectMapping: 0.180600 ms MarkObjects: 3.222500 ms  DeleteObjects: 0.029300 ms)

